Arguments: 
  C:\Program Files\nodejs\node.exe C:\Users\Lenovo\AppData\Roaming\npm\node_modules\yarn\bin\yarn.js add gh-pages

PATH: 
  C:\Program Files (x86)\Common Files\Oracle\Java\javapath;C:\Program Files\Common Files\Oracle\Java\javapath;C:\ProgramData\Oracle\Java\javapath;C:\Windows\system32;C:\Windows;C:\Windows\System32\Wbem;C:\Windows\System32\WindowsPowerShell\v1.0\;C:\Windows\System32\OpenSSH\;C:\Program Files\Git\cmd;C:\ProgramData\chocolatey\bin;C:\Program Files\Java\jdk-16\bin;C:\Program Files\gradle-6.8.2\bin;C:\Program Files\nodejs\;C:\Program Files\OpenJDK\openjdk-8u282-b08\bin;C:\Python39\python.exe;C:\Users\Lenovo\.windows-build-tools\python27\;C:\Program Files\MySQL\MySQL Shell 8.0\bin\;C:\Users\Lenovo\AppData\Local\Microsoft\WindowsApps;C:\Users\Lenovo\AppData\Local\Android\Sdk\platform-tools;C:\Users\Lenovo\AppData\Roaming\npm;C:\Program Files\JetBrains\PyCharm 2020.3.4\bin;C:\Users\Lenovo\AppData\Local\atom\bin;C:\Program Files\JetBrains\IntelliJ IDEA Community Edition 2021.1\bin;;C:\Users\Lenovo\AppData\Local\Programs\Microsoft VS Code\bin;C:\Users\Lenovo\AppData\Local\GitHubDesktop\bin

Yarn version: 
  1.22.10

Node version: 
  15.11.0

Platform: 
  win32 x64

Trace: 
  Error: connect ETIMEDOUT 185.199.110.133:443
      at TCPConnectWrap.afterConnect [as oncomplete] (node:net:1137:16)

npm manifest: 
  {
      "homepage": "https://teja-94.github.io/dev-teja.github.io/",
      "name": "tejeswini.github.io",
      "version": "0.1.0",
      "private": true,
      "dependencies": {
          "@apollo/react-hooks": "^3.1.4",
          "apollo-boost": "^0.4.4",
          "colorthief": "^2.3.0",
          "gh-pages": "^3.1.0",
          "graphql": "^14.5.8",
          "react": "^16.10.2",
          "react-dom": "^16.10.2",
          "react-easy-emoji": "^1.3.0",
          "react-headroom": "^3.0.0",
          "react-lottie": "^1.2.3",
          "react-reveal": "^1.2.2",
          "react-scripts": "^3.4.3",
          "react-twitter-embed": "3.0.3"
      },
      "scripts": {
          "predeploy": "npm run build",
          "start": "react-scripts start",
          "build": "react-scripts build",
          "deploy": "gh-pages -b master -d build",
          "test": "react-scripts test",
          "eject": "react-scripts eject",
          "format": "prettier --write \"./**/*.{js,css,json}\""
      },
      "eslintConfig": {
          "extends": "react-app"
      },
      "browserslist": {
          "production": [
              ">0.2%",
              "not dead",
              "not op_mini all"
          ],
          "development": [
              "last 1 chrome version",
              "last 1 firefox version",
              "last 1 safari version"
          ]
      },
      "devDependencies": {
          "prettier": "^2.2.1"
      },
      "description": "![ReactJS Resume Website Template](portfolio.png?raw=true \"ReactJS Resume Website Template\")",
      "main": "index.js",
      "repository": {
          "type": "git",
          "url": "git+https://github.com/teja804/react-portfolio.git"
      },
      "keywords": [
          "portfolio",
          "react-portfolio",
          "simple-portfolio"
      ],
      "author": "Teja_Teju",
      "license": "ISC",
      "bugs": {
          "url": "https://github.com/teja804/react-portfolio/issues"
      }
  }

yarn manifest: 
  No manifest

Lockfile: 
  No lockfile
